2025-07-09 13:17:10,432 - semgrep.run_scan - DEBUG - semgrep version 1.4.0
2025-07-09 13:17:10,440 - semgrep.git - DEBUG - Failed to get project url from 'git ls-remote': Command failed with exit code: 128
-----
Command failed with output:
fatal: No remote configured to list refs from.


Failed to run 'git ls-remote --get-url'. Possible reasons:

- the git binary is not available
- the current working directory is not a git repository
- the baseline commit is not a parent of the current commit
    (if you are running through semgrep-app, check if you are setting `SEMGREP_BRANCH` or `SEMGREP_BASELINE_COMMIT` properly)
- the current working directory is not marked as safe
    (fix with `git config --global --add safe.directory $(pwd)`)

Try running the command yourself to debug the issue.
2025-07-09 13:17:10,441 - semgrep.config_resolver - DEBUG - Loading local config from /home/runner/workspace/.config/.semgrep/semgrep_rules.json
2025-07-09 13:17:10,443 - semgrep.config_resolver - DEBUG - Done loading local config from /home/runner/workspace/.config/.semgrep/semgrep_rules.json
2025-07-09 13:17:10,447 - semgrep.config_resolver - DEBUG - Saving rules to /tmp/semgrep-hjzvxjf8.rules
2025-07-09 13:17:11,278 - semgrep.rule_lang - DEBUG - semgrep-core validation response: valid=True
2025-07-09 13:17:11,278 - semgrep.rule_lang - DEBUG - semgrep-core validation succeeded
2025-07-09 13:17:11,278 - semgrep.rule_lang - DEBUG - RPC validation succeeded
2025-07-09 13:17:11,280 - semgrep.config_resolver - DEBUG - loaded 1 configs in 0.8389403820037842
2025-07-09 13:17:11,403 - semgrep.run_scan - VERBOSE - running 715 rules from 1 config /home/runner/workspace/.config/.semgrep/semgrep_rules.json_0
2025-07-09 13:17:11,403 - semgrep.run_scan - VERBOSE - No .semgrepignore found. Using default .semgrepignore rules. See the docs for the list of default ignores: https://semgrep.dev/docs/cli-usage/#ignore-files
2025-07-09 13:17:11,407 - semgrep.run_scan - VERBOSE - Rules:
2025-07-09 13:17:11,408 - semgrep.run_scan - VERBOSE - <SKIPPED DATA (too many entries; use --max-log-list-entries)>
2025-07-09 13:17:12,540 - semgrep.core_runner - DEBUG - Passing whole rules directly to semgrep_core
2025-07-09 13:17:12,961 - semgrep.core_runner - DEBUG - Running Semgrep engine with command:
2025-07-09 13:17:12,961 - semgrep.core_runner - DEBUG - /tmp/_MEIBSHjWR/semgrep/bin/opengrep-core -json -rules /tmp/tmpj_pv609g.json -j 8 -targets /tmp/tmpyddcajos -timeout 5 -timeout_threshold 3 -max_memory 0 -fast
2025-07-09 13:17:34,727 - semgrep.core_runner - DEBUG - --- semgrep-core stderr ---
[00.08][[34mINFO[0m]: Executed as: /tmp/_MEIBSHjWR/semgrep/bin/opengrep-core -json -rules /tmp/tmpj_pv609g.json -j 8 -targets /tmp/tmpyddcajos -timeout 5 -timeout_threshold 3 -max_memory 0 -fast
[00.08][[34mINFO[0m]: Version: 1.4.0
[00.08][[34mINFO[0m]: Parsing rules in /tmp/tmpj_pv609g.json
[00.63][[34mINFO[0m]: scan: processing 716 files (skipping 0), with 457 rules (skipping 0 )
[02.72][[33mWARNING[0m]: Fixpoint timeout while performing taint analysis [rule: config..semgrep.vendored-rules.javascript.express.security.audit.remote-property-injection file: client/src/components/admin/room-management.tsx func: RoomManagement:5310]
[0m[03.27][[33mWARNING[0m]: Fixpoint timeout while performing taint analysis [rule: config..semgrep.vendored-rules.javascript.express.security.cors-misconfiguration file: client/src/components/admin/room-management.tsx func: RoomManagement:5310]
[0m[05.05][[33mWARNING[0m]: Fixpoint timeout while performing taint analysis [rule: config..semgrep.vendored-rules.javascript.express.security.audit.remote-property-injection file: client/src/pages/organization.tsx func: OrganizationPage:19697]
[0m[05.20][[33mWARNING[0m]: Fixpoint timeout while performing taint analysis [rule: config..semgrep.vendored-rules.javascript.express.security.x-frame-options-misconfiguration file: client/src/pages/organization.tsx func: OrganizationPage:19697]
[0m[05.63][[33mWARNING[0m]: Fixpoint timeout while performing taint analysis [rule: config..semgrep.vendored-rules.javascript.lang.security.audit.path-traversal.path-join-resolve-traversal file: server/routes.ts func: registerRoutes:16642]
[0m[05.81][[33mWARNING[0m]: Fixpoint timeout while performing taint analysis [rule: config..semgrep.vendored-rules.typescript.react.security.audit.react-href-var file: client/src/pages/admin-dashboard.tsx func: AdminDashboard:8314]
[0m[05.81][[33mWARNING[0m]: Fixpoint timeout while performing taint analysis [rule: config..semgrep.vendored-rules.javascript.lang.security.audit.path-traversal.path-join-resolve-traversal file: server/routes.ts func: registerRoutes:16642]
[0m[06.66][[33mWARNING[0m]: Fixpoint timeout while performing taint analysis [rule: config..semgrep.vendored-rules.javascript.lang.security.audit.unsafe-formatstring file: server/routes.ts func: registerRoutes:16642]
[0m[07.45][[33mWARNING[0m]: Fixpoint timeout while performing taint analysis [rule: config..semgrep.vendored-rules.javascript.lang.security.audit.detect-non-literal-require file: server/routes.ts func: registerRoutes:16642]
[0m[07.56][[33mWARNING[0m]: Fixpoint timeout while performing taint analysis [rule: config..semgrep.vendored-rules.javascript.lang.security.audit.sqli.node-postgres-sqli file: client/src/pages/admin-dashboard.tsx func: AdminDashboard:8314]
[0m[07.56][[33mWARNING[0m]: Fixpoint timeout while performing taint analysis [rule: config..semgrep.vendored-rules.javascript.lang.security.audit.sqli.node-postgres-sqli file: client/src/pages/admin-dashboard.tsx func: AdminDashboard:8314]
[0m[07.71][[33mWARNING[0m]: Fixpoint timeout while performing taint analysis [rule: config..semgrep.vendored-rules.javascript.lang.security.audit.detect-non-literal-require file: server/routes.ts func: registerRoutes:16642]
[0m[07.81][[33mWARNING[0m]: Fixpoint timeout while performing taint analysis [rule: config..semgrep.vendored-rules.javascript.lang.security.audit.detect-non-literal-require file: server/routes.ts func: registerRoutes:16642]
[0m[09.53][[33mWARNING[0m]: Fixpoint timeout while performing taint analysis [rule: config..semgrep.vendored-rules.javascript.lang.security.audit.unsafe-formatstring file: client/src/pages/admin-dashboard.tsx func: AdminDashboard:8314]
[0m[11.00][[33mWARNING[0m]: Fixpoint timeout while performing taint analysis [rule: config..semgrep.vendored-rules.javascript.lang.security.audit.detect-non-literal-require file: client/src/pages/admin-dashboard.tsx func: AdminDashboard:8314]
[0m[12.19][[33mWARNING[0m]: Fixpoint timeout while performing taint analysis [rule: config..semgrep.vendored-rules.javascript.express.security.injection.tainted-sql-string file: client/src/pages/cafe.tsx func: CafePage:55791]
[0m[12.72][[33mWARNING[0m]: Fixpoint timeout while performing taint analysis [rule: config..semgrep.vendored-rules.javascript.express.security.injection.raw-html-format file: client/src/pages/cafe.tsx func: CafePage:55791]
[0m[13.04][[33mWARNING[0m]: Fixpoint timeout while performing taint analysis [rule: config..semgrep.vendored-rules.javascript.express.security.audit.remote-property-injection file: client/src/pages/cafe.tsx func: CafePage:55791]
[0m[13.13][[33mWARNING[0m]: Fixpoint timeout while performing taint analysis [rule: config..semgrep.vendored-rules.javascript.lang.security.audit.detect-non-literal-require file: client/src/pages/rooms.tsx func: RoomsPage:59842]
[0m[13.51][[33mWARNING[0m]: Fixpoint timeout while performing taint analysis [rule: config..semgrep.vendored-rules.javascript.express.security.injection.tainted-sql-string file: client/src/pages/admin-dashboard.tsx func: AdminDashboard:8314]
[0m[13.55][[33mWARNING[0m]: Fixpoint timeout while performing taint analysis [rule: config..semgrep.vendored-rules.javascript.express.security.injection.tainted-sql-string file: client/src/pages/rooms.tsx func: RoomsPage:59842]
[0m[13.88][[33mWARNING[0m]: Fixpoint timeout while performing taint analysis [rule: config..semgrep.vendored-rules.javascript.express.security.require-request file: client/src/pages/cafe.tsx func: CafePage:55791]
[0m[13.98][[33mWARNING[0m]: Fixpoint timeout while performing taint analysis [rule: config..semgrep.vendored-rules.javascript.lang.security.audit.detect-non-literal-require file: client/src/pages/profile.tsx func: ProfilePage:67316]
[0m[14.17][[33mWARNING[0m]: Fixpoint timeout while performing taint analysis [rule: config..semgrep.vendored-rules.javascript.lang.security.audit.detect-non-literal-fs-filename file: server/routes.ts func: registerRoutes:16642]
[0m[14.25][[33mWARNING[0m]: Fixpoint timeout while performing taint analysis [rule: config..semgrep.vendored-rules.javascript.express.security.audit.remote-property-injection file: client/src/pages/rooms.tsx func: RoomsPage:59842]
[0m[14.27][[33mWARNING[0m]: Fixpoint timeout while performing taint analysis [rule: config..semgrep.vendored-rules.javascript.lang.security.audit.detect-non-literal-fs-filename file: server/routes.ts func: registerRoutes:16642]
[0m[14.36][[33mWARNING[0m]: Fixpoint timeout while performing taint analysis [rule: config..semgrep.vendored-rules.javascript.express.security.audit.remote-property-injection file: client/src/pages/profile.tsx func: ProfilePage:67316]
[0m[14.65][[33mWARNING[0m]: Fixpoint timeout while performing taint analysis [rule: config..semgrep.vendored-rules.javascript.express.security.require-request file: client/src/pages/rooms.tsx func: RoomsPage:59842]
[0m[14.91][[33mWARNING[0m]: Fixpoint timeout while performing taint analysis [rule: config..semgrep.vendored-rules.javascript.express.security.cors-misconfiguration file: client/src/pages/rooms.tsx func: RoomsPage:59842]
[0m[15.31][[33mWARNING[0m]: Fixpoint timeout while performing taint analysis [rule: config..semgrep.vendored-rules.javascript.express.security.injection.raw-html-format file: client/src/pages/admin-dashboard.tsx func: AdminDashboard:8314]
[0m[15.36][[33mWARNING[0m]: Fixpoint timeout while performing taint analysis [rule: config..semgrep.vendored-rules.javascript.express.security.injection.tainted-sql-string file: server/routes.ts func: registerRoutes:16642]
[0m[15.71][[33mWARNING[0m]: Fixpoint timeout while performing taint analysis [rule: config..semgrep.vendored-rules.javascript.lang.security.audit.unsafe-formatstring file: client/src/components/create-order-on-behalf.tsx func: CreateOrderOnBehalf:82709]
[0m[16.19][[33mWARNING[0m]: Fixpoint timeout while performing taint analysis [rule: config..semgrep.vendored-rules.javascript.express.security.injection.raw-html-format file: server/routes.ts func: registerRoutes:16642]
[0m[16.20][[33mWARNING[0m]: Fixpoint timeout while performing taint analysis [rule: config..semgrep.vendored-rules.javascript.express.security.injection.raw-html-format file: client/src/pages/dashboard.tsx func: Dashboard:84130]
[0m[16.20][[33mWARNING[0m]: Fixpoint timeout while performing taint analysis [rule: config..semgrep.vendored-rules.javascript.express.security.audit.remote-property-injection file: client/src/pages/admin-dashboard.tsx func: AdminDashboard:8314]
[0m[16.34][[33mWARNING[0m]: Fixpoint timeout while performing taint analysis [rule: config..semgrep.vendored-rules.javascript.express.security.injection.raw-html-format file: server/routes.ts func: registerRoutes:16642]
[0m[16.53][[33mWARNING[0m]: Fixpoint timeout while performing taint analysis [rule: config..semgrep.vendored-rules.javascript.express.security.cors-misconfiguration file: client/src/components/create-order-on-behalf.tsx func: CreateOrderOnBehalf:82709]
[0m[16.56][[33mWARNING[0m]: Fixpoint timeout while performing taint analysis [rule: config..semgrep.vendored-rules.javascript.express.security.x-frame-options-misconfiguration file: client/src/pages/admin-dashboard.tsx func: AdminDashboard:8314]
[0m[16.70][[33mWARNING[0m]: Fixpoint timeout while performing taint analysis [rule: config..semgrep.vendored-rules.javascript.express.security.injection.raw-html-format file: server/routes.ts func: registerRoutes:16642]
[0m[16.82][[33mWARNING[0m]: Fixpoint timeout while performing taint analysis [rule: config..semgrep.vendored-rules.javascript.express.security.injection.raw-html-format file: server/routes.ts func: registerRoutes:16642]
[0m[16.92][[33mWARNING[0m]: Fixpoint timeout while performing taint analysis [rule: config..semgrep.vendored-rules.javascript.express.security.injection.raw-html-format file: server/routes.ts func: registerRoutes:16642]
[0m[16.93][[33mWARNING[0m]: Fixpoint timeout while performing taint analysis [rule: config..semgrep.vendored-rules.javascript.express.security.require-request file: client/src/pages/admin-dashboard.tsx func: AdminDashboard:8314]
[0m[17.47][[33mWARNING[0m]: Fixpoint timeout while performing taint analysis [rule: config..semgrep.vendored-rules.javascript.express.security.cors-misconfiguration file: client/src/pages/admin-dashboard.tsx func: AdminDashboard:8314]
[0m[18.08][[33mWARNING[0m]: Fixpoint timeout while performing taint analysis [rule: config..semgrep.vendored-rules.javascript.express.security.audit.xss.direct-response-write file: server/routes.ts func: registerRoutes:16642]
[0m[18.09][[33mWARNING[0m]: Fixpoint timeout while performing taint analysis [rule: config..semgrep.vendored-rules.javascript.browser.security.js-open-redirect-from-function file: client/src/pages/admin-dashboard.tsx func: AdminDashboard:8314]
[0m[18.21][[33mWARNING[0m]: Fixpoint timeout while performing taint analysis [rule: config..semgrep.vendored-rules.javascript.express.security.audit.xss.direct-response-write file: server/routes.ts func: registerRoutes:16642]
[0m[18.41][[33mWARNING[0m]: Fixpoint timeout while performing taint analysis [rule: config..semgrep.vendored-rules.javascript.express.security.audit.xss.direct-response-write file: server/routes.ts func: registerRoutes:16642]
[0m[18.94][[33mWARNING[0m]: Fixpoint timeout while performing taint analysis [rule: config..semgrep.vendored-rules.javascript.express.security.audit.express-path-join-resolve-traversal file: server/routes.ts func: registerRoutes:16642]
[0m[19.28][[33mWARNING[0m]: Fixpoint timeout while performing taint analysis [rule: config..semgrep.vendored-rules.javascript.express.security.express-wkhtmltoimage-injection file: server/routes.ts func: registerRoutes:16642]
[0m[19.62][[33mWARNING[0m]: Fixpoint timeout while performing taint analysis [rule: config..semgrep.vendored-rules.javascript.express.security.x-frame-options-misconfiguration file: server/routes.ts func: registerRoutes:16642]
[0m[19.99][[33mWARNING[0m]: Fixpoint timeout while performing taint analysis [rule: config..semgrep.vendored-rules.javascript.express.security.require-request file: server/routes.ts func: registerRoutes:16642]
[0m[20.35][[33mWARNING[0m]: Fixpoint timeout while performing taint analysis [rule: config..semgrep.vendored-rules.javascript.express.security.cors-misconfiguration file: server/routes.ts func: registerRoutes:16642]
[0m--- end semgrep-core stderr ---
2025-07-09 13:17:34,733 - semgrep.rule_match - DEBUG - match_key = ('', PosixPath('client/index.html'), 'config..semgrep.vendored-rules.html.security.audit.missing-integrity') match_id = 0ee74fd49637bebe183eca7188dbde26e386314e62cc2e7ba1ee60b377b638243fcd84e6c6fa04886198ccacfa6a711bfbcc61a28f9ddc913d5b3c53083cbc90_0
2025-07-09 13:17:34,734 - semgrep.rule_match - DEBUG - match_key = (' type="text/javascript" src="https://replit.com/public/js/replit-dev-banner.js" (?is).*integrity= (google-analytics\\.com|fonts\\.googleapis\\.com|fonts\\.gstatic\\.com|googletagmanager\\.com) .*rel\\s*=\\s*[\'"]?preconnect.* href="... :// ..." href="//..." href=\'... :// ...\' href=\'//...\' src="... :// ..." src="//..." src=\'... :// ...\' src=\'//...\' <link  type="text/javascript" src="https://replit.com/public/js/replit-dev-banner.js" > <script  type="text/javascript" src="https://replit.com/public/js/replit-dev-banner.js" >...</script>', PosixPath('client/index.html'), 'config..semgrep.vendored-rules.html.security.audit.missing-integrity') match_id = 0728b64e224596592d04447ba8a642ff94e1fb9fcc07be26d49dc7e7f6898e638ad16ffcaca086932c58f4c6400fe32603323afef02cf9bfebcb0e4a53562a40_0
2025-07-09 13:17:34,734 - semgrep.rule_match - DEBUG - match_key = (' type="text/javascript" src="https://replit.com/public/js/replit-dev-banner.js" (?is).*integrity= (google-analytics\\.com|fonts\\.googleapis\\.com|fonts\\.gstatic\\.com|googletagmanager\\.com) .*rel\\s*=\\s*[\'"]?preconnect.* href="... :// ..." href="//..." href=\'... :// ...\' href=\'//...\' src="... :// ..." src="//..." src=\'... :// ...\' src=\'//...\' <link  type="text/javascript" src="https://replit.com/public/js/replit-dev-banner.js" > <script  type="text/javascript" src="https://replit.com/public/js/replit-dev-banner.js" >...</script>', PosixPath('client/index.html'), 'config..semgrep.vendored-rules.html.security.audit.missing-integrity') match_id = 0728b64e224596592d04447ba8a642ff94e1fb9fcc07be26d49dc7e7f6898e638ad16ffcaca086932c58f4c6400fe32603323afef02cf9bfebcb0e4a53562a40_0
2025-07-09 13:17:34,735 - semgrep.rule_match - DEBUG - match_key = (' type="text/javascript" src="https://replit.com/public/js/replit-dev-banner.js" (?is).*integrity= (google-analytics\\.com|fonts\\.googleapis\\.com|fonts\\.gstatic\\.com|googletagmanager\\.com) .*rel\\s*=\\s*[\'"]?preconnect.* href="... :// ..." href="//..." href=\'... :// ...\' href=\'//...\' src="... :// ..." src="//..." src=\'... :// ...\' src=\'//...\' <link  type="text/javascript" src="https://replit.com/public/js/replit-dev-banner.js" > <script  type="text/javascript" src="https://replit.com/public/js/replit-dev-banner.js" >...</script>', PosixPath('client/index.html'), 'config..semgrep.vendored-rules.html.security.audit.missing-integrity') match_id = 0728b64e224596592d04447ba8a642ff94e1fb9fcc07be26d49dc7e7f6898e638ad16ffcaca086932c58f4c6400fe32603323afef02cf9bfebcb0e4a53562a40_0
2025-07-09 13:17:34,736 - semgrep.rule_match - DEBUG - match_key = ('', PosixPath('server/email-providers.ts'), 'config..semgrep.vendored-rules.javascript.lang.security.html-in-template-string') match_id = 259980ff3e020791f6a88392fa45ac423fa90b79ff38e042c32a8ad0ee7e753cfbb75aded1834099a7cda1c50b83230834236ca20b64c6b07570e4e40c18b1c3_0
2025-07-09 13:17:34,736 - semgrep.rule_match - DEBUG - match_key = ('</p>\n                \n                <p>If you have any questions, please contact our support team.</p>\n                <p>Best regards,<br>The CalmKaaj Team</p>\n            </div>\n            <div class="footer">\n                <p>© 2025 CalmKaaj. All rights reserved.</p>\n            </div>\n        </div>\n    </body>\n    </html>\n     .*</?[a-zA-Z] `</p>\n                \n                <p>If you have any questions, please contact our support team.</p>\n                <p>Best regards,<br>The CalmKaaj Team</p>\n            </div>\n            <div class="footer">\n                <p>© 2025 CalmKaaj. All rights reserved.</p>\n            </div>\n        </div>\n    </body>\n    </html>\n    ${loginLink}...`\n `...${loginLink}</p>\n                \n                <p>If you have any questions, please contact our support team.</p>\n                <p>Best regards,<br>The CalmKaaj Team</p>\n            </div>\n            <div class="footer">\n                <p>© 2025 CalmKaaj. All rights reserved.</p>\n            </div>\n        </div>\n    </body>\n    </html>\n    `\n', PosixPath('server/email-providers.ts'), 'config..semgrep.vendored-rules.javascript.lang.security.html-in-template-string') match_id = e3e3ef91cc6577eea1f58a7a6e0fa22da6c09dbc0ba5b889ff9e6ce4a1a8684da2c78e758d195754ceb862103f425c466085f34b7e2e7ec67bd8d1f8e1c25ecb_0
2025-07-09 13:17:34,737 - semgrep.rule_match - DEBUG - match_key = ('</p>\n                \n                <p>If you have any questions, please contact our support team.</p>\n                <p>Best regards,<br>The CalmKaaj Team</p>\n            </div>\n            <div class="footer">\n                <p>© 2025 CalmKaaj. All rights reserved.</p>\n            </div>\n        </div>\n    </body>\n    </html>\n     .*</?[a-zA-Z] `</p>\n                \n                <p>If you have any questions, please contact our support team.</p>\n                <p>Best regards,<br>The CalmKaaj Team</p>\n            </div>\n            <div class="footer">\n                <p>© 2025 CalmKaaj. All rights reserved.</p>\n            </div>\n        </div>\n    </body>\n    </html>\n    ${loginLink}...`\n `...${loginLink}</p>\n                \n                <p>If you have any questions, please contact our support team.</p>\n                <p>Best regards,<br>The CalmKaaj Team</p>\n            </div>\n            <div class="footer">\n                <p>© 2025 CalmKaaj. All rights reserved.</p>\n            </div>\n        </div>\n    </body>\n    </html>\n    `\n', PosixPath('server/email-providers.ts'), 'config..semgrep.vendored-rules.javascript.lang.security.html-in-template-string') match_id = e3e3ef91cc6577eea1f58a7a6e0fa22da6c09dbc0ba5b889ff9e6ce4a1a8684da2c78e758d195754ceb862103f425c466085f34b7e2e7ec67bd8d1f8e1c25ecb_0
2025-07-09 13:17:34,738 - semgrep.rule_match - DEBUG - match_key = ('</p>\n                \n                <p>If you have any questions, please contact our support team.</p>\n                <p>Best regards,<br>The CalmKaaj Team</p>\n            </div>\n            <div class="footer">\n                <p>© 2025 CalmKaaj. All rights reserved.</p>\n            </div>\n        </div>\n    </body>\n    </html>\n     .*</?[a-zA-Z] `</p>\n                \n                <p>If you have any questions, please contact our support team.</p>\n                <p>Best regards,<br>The CalmKaaj Team</p>\n            </div>\n            <div class="footer">\n                <p>© 2025 CalmKaaj. All rights reserved.</p>\n            </div>\n        </div>\n    </body>\n    </html>\n    ${loginLink}...`\n `...${loginLink}</p>\n                \n                <p>If you have any questions, please contact our support team.</p>\n                <p>Best regards,<br>The CalmKaaj Team</p>\n            </div>\n            <div class="footer">\n                <p>© 2025 CalmKaaj. All rights reserved.</p>\n            </div>\n        </div>\n    </body>\n    </html>\n    `\n', PosixPath('server/email-providers.ts'), 'config..semgrep.vendored-rules.javascript.lang.security.html-in-template-string') match_id = e3e3ef91cc6577eea1f58a7a6e0fa22da6c09dbc0ba5b889ff9e6ce4a1a8684da2c78e758d195754ceb862103f425c466085f34b7e2e7ec67bd8d1f8e1c25ecb_0
2025-07-09 13:17:34,739 - semgrep.rule_match - DEBUG - match_key = ('', PosixPath('server/email-providers.ts'), 'config..semgrep.vendored-rules.javascript.lang.security.html-in-template-string') match_id = 259980ff3e020791f6a88392fa45ac423fa90b79ff38e042c32a8ad0ee7e753cfbb75aded1834099a7cda1c50b83230834236ca20b64c6b07570e4e40c18b1c3_0
2025-07-09 13:17:34,740 - semgrep.rule_match - DEBUG - match_key = ('</p>\n                \n                <p><strong>This link will expire in 1 hour.</strong></p>\n                \n                <p>If you didn\'t request this password reset, please ignore this email.</p>\n                <p>Best regards,<br>The CalmKaaj Team</p>\n            </div>\n            <div class="footer">\n                <p>© 2025 CalmKaaj. All rights reserved.</p>\n            </div>\n        </div>\n    </body>\n    </html>\n     .*</?[a-zA-Z] `</p>\n                \n                <p><strong>This link will expire in 1 hour.</strong></p>\n                \n                <p>If you didn\'t request this password reset, please ignore this email.</p>\n                <p>Best regards,<br>The CalmKaaj Team</p>\n            </div>\n            <div class="footer">\n                <p>© 2025 CalmKaaj. All rights reserved.</p>\n            </div>\n        </div>\n    </body>\n    </html>\n    ${resetLink}...`\n `...${resetLink}</p>\n                \n                <p><strong>This link will expire in 1 hour.</strong></p>\n                \n                <p>If you didn\'t request this password reset, please ignore this email.</p>\n                <p>Best regards,<br>The CalmKaaj Team</p>\n            </div>\n            <div class="footer">\n                <p>© 2025 CalmKaaj. All rights reserved.</p>\n            </div>\n        </div>\n    </body>\n    </html>\n    `\n', PosixPath('server/email-providers.ts'), 'config..semgrep.vendored-rules.javascript.lang.security.html-in-template-string') match_id = cb8fb63e07fc81c295df9f6f7ad6a16637a0e96d194b28ff90341c5200d05c482df8acfa0ce5f9c025994041fe3eab890e933fe892882b32505ae5f898c756c1_0
2025-07-09 13:17:34,740 - semgrep.rule_match - DEBUG - match_key = ('</p>\n                \n                <p><strong>This link will expire in 1 hour.</strong></p>\n                \n                <p>If you didn\'t request this password reset, please ignore this email.</p>\n                <p>Best regards,<br>The CalmKaaj Team</p>\n            </div>\n            <div class="footer">\n                <p>© 2025 CalmKaaj. All rights reserved.</p>\n            </div>\n        </div>\n    </body>\n    </html>\n     .*</?[a-zA-Z] `</p>\n                \n                <p><strong>This link will expire in 1 hour.</strong></p>\n                \n                <p>If you didn\'t request this password reset, please ignore this email.</p>\n                <p>Best regards,<br>The CalmKaaj Team</p>\n            </div>\n            <div class="footer">\n                <p>© 2025 CalmKaaj. All rights reserved.</p>\n            </div>\n        </div>\n    </body>\n    </html>\n    ${resetLink}...`\n `...${resetLink}</p>\n                \n                <p><strong>This link will expire in 1 hour.</strong></p>\n                \n                <p>If you didn\'t request this password reset, please ignore this email.</p>\n                <p>Best regards,<br>The CalmKaaj Team</p>\n            </div>\n            <div class="footer">\n                <p>© 2025 CalmKaaj. All rights reserved.</p>\n            </div>\n        </div>\n    </body>\n    </html>\n    `\n', PosixPath('server/email-providers.ts'), 'config..semgrep.vendored-rules.javascript.lang.security.html-in-template-string') match_id = cb8fb63e07fc81c295df9f6f7ad6a16637a0e96d194b28ff90341c5200d05c482df8acfa0ce5f9c025994041fe3eab890e933fe892882b32505ae5f898c756c1_0
2025-07-09 13:17:34,741 - semgrep.rule_match - DEBUG - match_key = ('</p>\n                \n                <p><strong>This link will expire in 1 hour.</strong></p>\n                \n                <p>If you didn\'t request this password reset, please ignore this email.</p>\n                <p>Best regards,<br>The CalmKaaj Team</p>\n            </div>\n            <div class="footer">\n                <p>© 2025 CalmKaaj. All rights reserved.</p>\n            </div>\n        </div>\n    </body>\n    </html>\n     .*</?[a-zA-Z] `</p>\n                \n                <p><strong>This link will expire in 1 hour.</strong></p>\n                \n                <p>If you didn\'t request this password reset, please ignore this email.</p>\n                <p>Best regards,<br>The CalmKaaj Team</p>\n            </div>\n            <div class="footer">\n                <p>© 2025 CalmKaaj. All rights reserved.</p>\n            </div>\n        </div>\n    </body>\n    </html>\n    ${resetLink}...`\n `...${resetLink}</p>\n                \n                <p><strong>This link will expire in 1 hour.</strong></p>\n                \n                <p>If you didn\'t request this password reset, please ignore this email.</p>\n                <p>Best regards,<br>The CalmKaaj Team</p>\n            </div>\n            <div class="footer">\n                <p>© 2025 CalmKaaj. All rights reserved.</p>\n            </div>\n        </div>\n    </body>\n    </html>\n    `\n', PosixPath('server/email-providers.ts'), 'config..semgrep.vendored-rules.javascript.lang.security.html-in-template-string') match_id = cb8fb63e07fc81c295df9f6f7ad6a16637a0e96d194b28ff90341c5200d05c482df8acfa0ce5f9c025994041fe3eab890e933fe892882b32505ae5f898c756c1_0
2025-07-09 13:17:34,742 - semgrep.rule_match - DEBUG - match_key = ('', PosixPath('server/email-service.ts'), 'config..semgrep.vendored-rules.javascript.lang.security.html-in-template-string') match_id = c4b69ef31fa590d1e580a06a8507a182a6bdf307a09a06deed44174f0f224f631a9776fbf5b360c8427b5b9cb45fce3067901308ae692c1dba3c0bf7e74731ee_0
2025-07-09 13:17:34,743 - semgrep.rule_match - DEBUG - match_key = ('" class="button">Login to CalmKaaj</a>\n          </div>\n\n          <h3>Need Help?</h3>\n          <p>If you have any questions or need assistance, please don\'t hesitate to contact our support team.</p>\n        </div>\n\n        <div class="footer">\n          <p>© 2025 CalmKaaj. All rights reserved.</p>\n          <p>This is an automated message, please do not reply directly to this email.</p>\n        </div>\n      </body>\n      </html>\n     .*</?[a-zA-Z] `" class="button">Login to CalmKaaj</a>\n          </div>\n\n          <h3>Need Help?</h3>\n          <p>If you have any questions or need assistance, please don\'t hesitate to contact our support team.</p>\n        </div>\n\n        <div class="footer">\n          <p>© 2025 CalmKaaj. All rights reserved.</p>\n          <p>This is an automated message, please do not reply directly to this email.</p>\n        </div>\n      </body>\n      </html>\n    ${process.env.APP_URL||\'http://localhost:5000\'}...`\n `...${process.env.APP_URL||\'http://localhost:5000\'}" class="button">Login to CalmKaaj</a>\n          </div>\n\n          <h3>Need Help?</h3>\n          <p>If you have any questions or need assistance, please don\'t hesitate to contact our support team.</p>\n        </div>\n\n        <div class="footer">\n          <p>© 2025 CalmKaaj. All rights reserved.</p>\n          <p>This is an automated message, please do not reply directly to this email.</p>\n        </div>\n      </body>\n      </html>\n    `\n', PosixPath('server/email-service.ts'), 'config..semgrep.vendored-rules.javascript.lang.security.html-in-template-string') match_id = 3660a187dbfa9540ddfd2ce0202ede7daeedc7e6d3bfcdb34036082221a32c3360147a4ba09cfb7c8a680d88d42c65844901527d31dec3a8f2acc49e173a42d7_0
2025-07-09 13:17:34,744 - semgrep.rule_match - DEBUG - match_key = ('" class="button">Login to CalmKaaj</a>\n          </div>\n\n          <h3>Need Help?</h3>\n          <p>If you have any questions or need assistance, please don\'t hesitate to contact our support team.</p>\n        </div>\n\n        <div class="footer">\n          <p>© 2025 CalmKaaj. All rights reserved.</p>\n          <p>This is an automated message, please do not reply directly to this email.</p>\n        </div>\n      </body>\n      </html>\n     .*</?[a-zA-Z] `" class="button">Login to CalmKaaj</a>\n          </div>\n\n          <h3>Need Help?</h3>\n          <p>If you have any questions or need assistance, please don\'t hesitate to contact our support team.</p>\n        </div>\n\n        <div class="footer">\n          <p>© 2025 CalmKaaj. All rights reserved.</p>\n          <p>This is an automated message, please do not reply directly to this email.</p>\n        </div>\n      </body>\n      </html>\n    ${process.env.APP_URL||\'http://localhost:5000\'}...`\n `...${process.env.APP_URL||\'http://localhost:5000\'}" class="button">Login to CalmKaaj</a>\n          </div>\n\n          <h3>Need Help?</h3>\n          <p>If you have any questions or need assistance, please don\'t hesitate to contact our support team.</p>\n        </div>\n\n        <div class="footer">\n          <p>© 2025 CalmKaaj. All rights reserved.</p>\n          <p>This is an automated message, please do not reply directly to this email.</p>\n        </div>\n      </body>\n      </html>\n    `\n', PosixPath('server/email-service.ts'), 'config..semgrep.vendored-rules.javascript.lang.security.html-in-template-string') match_id = 3660a187dbfa9540ddfd2ce0202ede7daeedc7e6d3bfcdb34036082221a32c3360147a4ba09cfb7c8a680d88d42c65844901527d31dec3a8f2acc49e173a42d7_0
2025-07-09 13:17:34,745 - semgrep.rule_match - DEBUG - match_key = ('" class="button">Login to CalmKaaj</a>\n          </div>\n\n          <h3>Need Help?</h3>\n          <p>If you have any questions or need assistance, please don\'t hesitate to contact our support team.</p>\n        </div>\n\n        <div class="footer">\n          <p>© 2025 CalmKaaj. All rights reserved.</p>\n          <p>This is an automated message, please do not reply directly to this email.</p>\n        </div>\n      </body>\n      </html>\n     .*</?[a-zA-Z] `" class="button">Login to CalmKaaj</a>\n          </div>\n\n          <h3>Need Help?</h3>\n          <p>If you have any questions or need assistance, please don\'t hesitate to contact our support team.</p>\n        </div>\n\n        <div class="footer">\n          <p>© 2025 CalmKaaj. All rights reserved.</p>\n          <p>This is an automated message, please do not reply directly to this email.</p>\n        </div>\n      </body>\n      </html>\n    ${process.env.APP_URL||\'http://localhost:5000\'}...`\n `...${process.env.APP_URL||\'http://localhost:5000\'}" class="button">Login to CalmKaaj</a>\n          </div>\n\n          <h3>Need Help?</h3>\n          <p>If you have any questions or need assistance, please don\'t hesitate to contact our support team.</p>\n        </div>\n\n        <div class="footer">\n          <p>© 2025 CalmKaaj. All rights reserved.</p>\n          <p>This is an automated message, please do not reply directly to this email.</p>\n        </div>\n      </body>\n      </html>\n    `\n', PosixPath('server/email-service.ts'), 'config..semgrep.vendored-rules.javascript.lang.security.html-in-template-string') match_id = 3660a187dbfa9540ddfd2ce0202ede7daeedc7e6d3bfcdb34036082221a32c3360147a4ba09cfb7c8a680d88d42c65844901527d31dec3a8f2acc49e173a42d7_0
2025-07-09 13:17:34,748 - semgrep.core_runner - DEBUG - semgrep ran in 0:00:22.208131 on 296 files
2025-07-09 13:17:34,749 - semgrep.core_runner - DEBUG - findings summary: 4 warning, 0 error, 0 info
2025-07-09 13:17:34,754 - semgrep.app.auth - DEBUG - Getting API token from settings file
2025-07-09 13:17:34,754 - semgrep.app.auth - DEBUG - No API token found in settings file
2025-07-09 13:17:34,869 - semgrep.output - VERBOSE - 
========================================
Files skipped:
========================================

  Always skipped by Opengrep:

   • <none>

  Skipped by .gitignore:
  (Disable by passing --no-git-ignore)

   • <all files not listed by `git ls-files` were skipped>

  Skipped by .semgrepignore:
  - https://semgrep.dev/docs/ignoring-files-folders-code/#understand-semgrep-defaults

   • <none>

  Skipped by --include patterns:

   • <none>

  Skipped by --exclude patterns:

   • <none>

  Files skipped due to insufficient read permissions:

   • <none>

  Skipped by limiting to files smaller than 1000000 bytes:
  (Adjust with the --max-target-bytes flag)

   • uploads/profile-1751928994396-324709703.png

  Partially analyzed due to parsing or internal Opengrep errors

   • tailwind.config.ts (1 lines skipped)

2025-07-09 13:17:34,870 - semgrep.output - INFO - Some files were skipped or only partially analyzed.
  Scan was limited to files tracked by git.
  Partially scanned: 1 files only partially analyzed due to parsing or internal Opengrep errors
  Scan skipped: 1 files larger than 1.0 MB
  For a full list of skipped files, run opengrep with the --verbose flag.

Ran 438 rules on 296 files: 4 findings.
2025-07-09 13:17:34,870 - semgrep.app.version - DEBUG - Version cache does not exist
2025-07-09 13:17:34,884 - semgrep.metrics - VERBOSE - Not sending pseudonymous metrics since metrics are configured to OFF and registry usage is False
